[debug] [2023-09-20T18:34:37.822Z] ----------------------------------------------------------------------
[debug] [2023-09-20T18:34:37.823Z] Command:       C:\Program Files\nodejs\node.exe C:\Users\basu1\AppData\Roaming\npm\node_modules\firebase-tools\lib\bin\firebase.js init
[debug] [2023-09-20T18:34:37.824Z] CLI Version:   12.5.3
[debug] [2023-09-20T18:34:37.824Z] Platform:      win32
[debug] [2023-09-20T18:34:37.824Z] Node Version:  v18.16.0
[debug] [2023-09-20T18:34:37.825Z] Time:          Thu Sep 21 2023 00:04:37 GMT+0530 (India Standard Time)
[debug] [2023-09-20T18:34:37.825Z] ----------------------------------------------------------------------
[debug] 
[debug] [2023-09-20T18:34:37.829Z] >>> [apiv2][query] GET https://firebase-public.firebaseio.com/cli.json [none]
[debug] [2023-09-20T18:34:37.869Z] > command requires scopes: ["email","openid","https://www.googleapis.com/auth/cloudplatformprojects.readonly","https://www.googleapis.com/auth/firebase","https://www.googleapis.com/auth/cloud-platform"]
[debug] [2023-09-20T18:34:37.869Z] > authorizing via signed-in user (karbasappabembulge@gmail.com)
[info] 
     ######## #### ########  ######## ########     ###     ######  ########
     ##        ##  ##     ## ##       ##     ##  ##   ##  ##       ##
     ######    ##  ########  ######   ########  #########  ######  ######
     ##        ##  ##    ##  ##       ##     ## ##     ##       ## ##
     ##       #### ##     ## ######## ########  ##     ##  ######  ########

You're about to initialize a Firebase project in this directory:

  C:\Users\basu1\OneDrive\Documents\OpenInApp_Assignment\asmt-page

[debug] [2023-09-20T18:34:38.532Z] <<< [apiv2][status] GET https://firebase-public.firebaseio.com/cli.json 200
[debug] [2023-09-20T18:34:38.532Z] <<< [apiv2][body] GET https://firebase-public.firebaseio.com/cli.json {"cloudBuildErrorAfter":1594252800000,"cloudBuildWarnAfter":1590019200000,"defaultNode10After":1594252800000,"minVersion":"3.0.5","node8DeploysDisabledAfter":1613390400000,"node8RuntimeDisabledAfter":1615809600000,"node8WarnAfter":1600128000000}
[info] 
=== Project Setup
[info] 
[info] First, let's associate this project directory with a Firebase project.
[info] You can create multiple project aliases by running firebase use --add, 
[info] but for now we'll just set up a default project.
[info] 
[debug] [2023-09-20T18:35:09.635Z] > refreshing access token with scopes: []
[debug] [2023-09-20T18:35:09.636Z] >>> [apiv2][query] POST https://www.googleapis.com/oauth2/v3/token [none]
[debug] [2023-09-20T18:35:09.636Z] >>> [apiv2][body] POST https://www.googleapis.com/oauth2/v3/token [omitted]
[debug] [2023-09-20T18:35:09.917Z] <<< [apiv2][status] POST https://www.googleapis.com/oauth2/v3/token 200
[debug] [2023-09-20T18:35:09.917Z] <<< [apiv2][body] POST https://www.googleapis.com/oauth2/v3/token [omitted]
[debug] [2023-09-20T18:35:09.927Z] >>> [apiv2][query] GET https://firebase.googleapis.com/v1beta1/projects pageSize=100
[debug] [2023-09-20T18:35:10.973Z] <<< [apiv2][status] GET https://firebase.googleapis.com/v1beta1/projects 200
[debug] [2023-09-20T18:35:10.973Z] <<< [apiv2][body] GET https://firebase.googleapis.com/v1beta1/projects [omitted]
[info] i  Using project openinappasmt (OpenInAppAsmt) 
[info] 
=== Hosting Setup
[info] 
[info] Your public directory is the folder (relative to your project directory) that
[info] will contain Hosting assets to be uploaded with firebase deploy. If you
[info] have a build process for your assets, use your build's output directory.
[info] 
[debug] [2023-09-20T18:35:32.765Z] >>> [apiv2][query] GET https://www.gstatic.com/firebasejs/releases.json [none]
[debug] [2023-09-20T18:35:33.078Z] <<< [apiv2][status] GET https://www.gstatic.com/firebasejs/releases.json 200
[debug] [2023-09-20T18:35:33.078Z] <<< [apiv2][body] GET https://www.gstatic.com/firebasejs/releases.json {"current":{"version":"10.4.0","browserURL":"https://www.gstatic.com/firebasejs/10.4.0/firebase.js","packageURL":"https://www.gstatic.com/firebasejs/10.4.0/firebase.tgz"},"live":{"version":"10.4","browserURL":"https://www.gstatic.com/firebasejs/live/10.4/firebase.js","packageURL":"https://www.gstatic.com/firebasejs/live/10.4/firebase.tgz"},"components":{"analytics":"https://www.gstatic.com/firebasejs/10.4.0/firebase-analytics.js","app":"https://www.gstatic.com/firebasejs/10.4.0/firebase-app.js","app-check":"https://www.gstatic.com/firebasejs/10.4.0/firebase-app-check.js","auth":"https://www.gstatic.com/firebasejs/10.4.0/firebase-auth.js","auth/cordova":"https://www.gstatic.com/firebasejs/10.4.0/firebase-auth/cordova.js","functions":"https://www.gstatic.com/firebasejs/10.4.0/firebase-functions.js","firestore":"https://www.gstatic.com/firebasejs/10.4.0/firebase-firestore.js","firestore/lite":"https://www.gstatic.com/firebasejs/10.4.0/firebase-firestore/lite.js","installations":"https://www.gstatic.com/firebasejs/10.4.0/firebase-installations.js","storage":"https://www.gstatic.com/firebasejs/10.4.0/firebase-storage.js","performance":"https://www.gstatic.com/firebasejs/10.4.0/firebase-performance.js","remote-config":"https://www.gstatic.com/firebasejs/10.4.0/firebase-remote-config.js","messaging":"https://www.gstatic.com/firebasejs/10.4.0/firebase-messaging.js","messaging/sw":"https://www.gstatic.com/firebasejs/10.4.0/firebase-messaging/sw.js","database":"https://www.gstatic.com/firebasejs/10.4.0/firebase-database.js","firestore.memory":"https://www.gstatic.com/firebasejs/10.4.0/firebase-firestore.memory.js"}}
[info] +  Wrote build/index.html 
[info] 
[info] i  Detected a .git folder at C:\Users\basu1\OneDrive\Documents\OpenInApp_Assignment\asmt-page 
[info] i  Authorizing with GitHub to upload your service account to a GitHub repository's secrets store. 
[info] 
[info] Visit this URL on this device to log in:
[info] https://github.com/login/oauth/authorize?client_id=89cf50f02ac6aaed3484&state=404135846&redirect_uri=http%3A%2F%2Flocalhost%3A9005&scope=read%3Auser%20repo%20public_repo
[info] 
[info] Waiting for authentication...
[debug] [2023-09-20T18:35:34.180Z] >>> [apiv2][query] POST https://github.com/login/oauth/access_token [none]
[debug] [2023-09-20T18:35:34.181Z] >>> [apiv2][body] POST https://github.com/login/oauth/access_token [stream]
[debug] [2023-09-20T18:35:34.822Z] <<< [apiv2][status] POST https://github.com/login/oauth/access_token 200
[debug] [2023-09-20T18:35:34.822Z] <<< [apiv2][body] POST https://github.com/login/oauth/access_token {"access_token":"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","token_type":"bearer","scope":"read:user,repo"}
[debug] [2023-09-20T18:35:34.836Z] >>> [apiv2][query] GET https://api.github.com/user [none]
[debug] [2023-09-20T18:35:35.456Z] <<< [apiv2][status] GET https://api.github.com/user 200
[debug] [2023-09-20T18:35:35.456Z] <<< [apiv2][body] GET https://api.github.com/user {"login":"Karbasu","id":89544228,"node_id":"MDQ6VXNlcjg5NTQ0MjI4","avatar_url":"https://avatars.githubusercontent.com/u/89544228?v=4","gravatar_id":"","url":"https://api.github.com/users/Karbasu","html_url":"https://github.com/Karbasu","followers_url":"https://api.github.com/users/Karbasu/followers","following_url":"https://api.github.com/users/Karbasu/following{/other_user}","gists_url":"https://api.github.com/users/Karbasu/gists{/gist_id}","starred_url":"https://api.github.com/users/Karbasu/starred{/owner}{/repo}","subscriptions_url":"https://api.github.com/users/Karbasu/subscriptions","organizations_url":"https://api.github.com/users/Karbasu/orgs","repos_url":"https://api.github.com/users/Karbasu/repos","events_url":"https://api.github.com/users/Karbasu/events{/privacy}","received_events_url":"https://api.github.com/users/Karbasu/received_events","type":"User","site_admin":false,"name":"KARBASAPPA","company":"Student","blog":"","location":"Banglore , Karnataka","email":null,"hireable":null,"bio":"Coding | Development Enthusiast | B.E Student\r\n","twitter_username":null,"public_repos":3,"public_gists":0,"followers":0,"following":0,"created_at":"2021-08-25T18:27:16Z","updated_at":"2023-08-17T03:11:06Z","private_gists":0,"total_private_repos":0,"owned_private_repos":0,"disk_usage":663,"collaborators":0,"two_factor_authentication":false,"plan":{"name":"free","space":976562499,"collaborators":0,"private_repos":10000}}
[info] 
[info] +  Success! Logged into GitHub as Karbasu 
[info] 
[debug] [2023-09-20T18:35:55.120Z] >>> [apiv2][query] GET https://api.github.com/repos/y/actions/secrets/public-key type=owner
[debug] [2023-09-20T18:35:55.771Z] <<< [apiv2][status] GET https://api.github.com/repos/y/actions/secrets/public-key 404
[debug] [2023-09-20T18:35:55.771Z] <<< [apiv2][body] GET https://api.github.com/repos/y/actions/secrets/public-key {"message":"Not Found","documentation_url":"https://docs.github.com/rest"}
[info] 
[info] 
[error] !  The provided authorization cannot be used with this repository. If this repository is in an organization, did you remember to grant access? 
[info] 
[info] i  Action required: Visit this URL to ensure access has been granted to the appropriate organization(s) for the Firebase CLI GitHub OAuth App: 
[info] https://github.com/settings/connections/applications/89cf50f02ac6aaed3484
[info] 
[debug] [2023-09-20T18:36:47.055Z] >>> [apiv2][query] GET https://api.github.com/repos/karbasu/OenInApp-asmt/actions/secrets/public-key type=owner
[debug] [2023-09-20T18:36:47.611Z] <<< [apiv2][status] GET https://api.github.com/repos/karbasu/OenInApp-asmt/actions/secrets/public-key 404
[debug] [2023-09-20T18:36:47.612Z] <<< [apiv2][body] GET https://api.github.com/repos/karbasu/OenInApp-asmt/actions/secrets/public-key {"message":"Not Found","documentation_url":"https://docs.github.com/rest/actions/secrets#get-a-repository-public-key"}
[info] 
[info] 
[error] !  The provided authorization cannot be used with this repository. If this repository is in an organization, did you remember to grant access? 
[info] 
[info] i  Action required: Visit this URL to ensure access has been granted to the appropriate organization(s) for the Firebase CLI GitHub OAuth App: 
[info] https://github.com/settings/connections/applications/89cf50f02ac6aaed3484
[info] 
[debug] [2023-09-20T18:36:49.355Z] >>> [apiv2][query] GET https://api.github.com/repos/karbasu/OenInApp-asmt/actions/secrets/public-key type=owner
[debug] [2023-09-20T18:36:49.759Z] >>> [apiv2][query] GET https://api.github.com/repos//actions/secrets/public-key type=owner
[debug] [2023-09-20T18:36:49.808Z] <<< [apiv2][status] GET https://api.github.com/repos/karbasu/OenInApp-asmt/actions/secrets/public-key 404
[debug] [2023-09-20T18:36:49.809Z] <<< [apiv2][body] GET https://api.github.com/repos/karbasu/OenInApp-asmt/actions/secrets/public-key {"message":"Not Found","documentation_url":"https://docs.github.com/rest/actions/secrets#get-a-repository-public-key"}
[info] 
[info] 
[error] !  The provided authorization cannot be used with this repository. If this repository is in an organization, did you remember to grant access? 
[info] 
[info] i  Action required: Visit this URL to ensure access has been granted to the appropriate organization(s) for the Firebase CLI GitHub OAuth App: 
[info] https://github.com/settings/connections/applications/89cf50f02ac6aaed3484
[info] 
[debug] [2023-09-20T18:36:49.928Z] >>> [apiv2][query] GET https://api.github.com/repos/karbasu/OenInApp-asmt/actions/secrets/public-key type=owner
[debug] [2023-09-20T18:36:50.202Z] <<< [apiv2][status] GET https://api.github.com/repos//actions/secrets/public-key 404
[debug] [2023-09-20T18:36:50.202Z] <<< [apiv2][body] GET https://api.github.com/repos//actions/secrets/public-key {"message":"Not Found","documentation_url":"https://docs.github.com/rest"}
[info] 
[info] 
[error] !  The provided authorization cannot be used with this repository. If this repository is in an organization, did you remember to grant access? 
[info] 
[info] i  Action required: Visit this URL to ensure access has been granted to the appropriate organization(s) for the Firebase CLI GitHub OAuth App: 
[info] https://github.com/settings/connections/applications/89cf50f02ac6aaed3484
[info] 
[debug] [2023-09-20T18:36:50.383Z] <<< [apiv2][status] GET https://api.github.com/repos/karbasu/OenInApp-asmt/actions/secrets/public-key 404
[debug] [2023-09-20T18:36:50.384Z] <<< [apiv2][body] GET https://api.github.com/repos/karbasu/OenInApp-asmt/actions/secrets/public-key {"message":"Not Found","documentation_url":"https://docs.github.com/rest/actions/secrets#get-a-repository-public-key"}
[info] 
[info] 
[error] !  The provided authorization cannot be used with this repository. If this repository is in an organization, did you remember to grant access? 
[info] 
[info] i  Action required: Visit this URL to ensure access has been granted to the appropriate organization(s) for the Firebase CLI GitHub OAuth App: 
[info] https://github.com/settings/connections/applications/89cf50f02ac6aaed3484
[info] 
[debug] [2023-09-20T18:36:51.406Z] >>> [apiv2][query] GET https://api.github.com/repos/karbasu/OenInApp-asmt/actions/secrets/public-key type=owner
[debug] [2023-09-20T18:36:51.888Z] <<< [apiv2][status] GET https://api.github.com/repos/karbasu/OenInApp-asmt/actions/secrets/public-key 404
[debug] [2023-09-20T18:36:51.888Z] <<< [apiv2][body] GET https://api.github.com/repos/karbasu/OenInApp-asmt/actions/secrets/public-key {"message":"Not Found","documentation_url":"https://docs.github.com/rest/actions/secrets#get-a-repository-public-key"}
[info] 
[info] 
[error] !  The provided authorization cannot be used with this repository. If this repository is in an organization, did you remember to grant access? 
[info] 
[info] i  Action required: Visit this URL to ensure access has been granted to the appropriate organization(s) for the Firebase CLI GitHub OAuth App: 
[info] https://github.com/settings/connections/applications/89cf50f02ac6aaed3484
[info] 
